#
# There is insufficient memory for the Java Runtime Environment to continue.
# Native memory allocation (malloc) failed to allocate 1048576 bytes for AllocateHeap
# Possible reasons:
#   The system is out of physical RAM or swap space
#   The process is running with CompressedOops enabled, and the Java Heap may be blocking the growth of the native heap
# Possible solutions:
#   Reduce memory load on the system
#   Increase physical memory or swap space
#   Check if swap backing store is full
#   Decrease Java heap size (-Xmx/-Xms)
#   Decrease number of Java threads
#   Decrease Java thread stack sizes (-Xss)
#   Set larger code cache with -XX:ReservedCodeCacheSize=
#   JVM is running with Zero Based Compressed Oops mode in which the Java heap is
#     placed in the first 32GB address space. The Java Heap base address is the
#     maximum limit for the native heap growth. Please use -XX:HeapBaseMinAddress
#     to set the Java Heap base and to place the Java Heap above 32GB virtual address.
# This output file may be truncated or incomplete.
#
#  Out of Memory Error (memory/allocation.inline.hpp:61), pid=49944, tid=0x000000000000af08
#
# JRE version:  (8.0) (build )
# Java VM: OpenJDK 64-Bit Server VM (25.71-b00 mixed mode windows-amd64 compressed oops)
# Failed to write core dump. Minidumps are not enabled by default on client versions of Windows
#

---------------  T H R E A D  ---------------

Current thread (0x000000000298e800):  JavaThread "Unknown thread" [_thread_in_vm, id=44808, stack(0x0000000002850000,0x0000000002950000)]

Stack: [0x0000000002850000,0x0000000002950000]
[error occurred during error reporting (printing stack bounds), id 0xc0000005]

Native frames: (J=compiled Java code, j=interpreted, Vv=VM code, C=native code)


---------------  P R O C E S S  ---------------

Java Threads: ( => current thread )

Other Threads:

=>0x000000000298e800 (exited) JavaThread "Unknown thread" [_thread_in_vm, id=44808, stack(0x0000000002850000,0x0000000002950000)]

VM state:not at safepoint (normal execution)

VM Mutex/Monitor currently owned by a thread: None

heap address: 0x00000006c2200000, size: 4062 MB, Compressed Oops mode: Zero based, Oop shift amount: 3
Narrow klass base: 0x0000000000000000, Narrow klass shift: 3
Compressed class space size: 1073741824 Address: 0x00000007c0000000

Heap:
 PSYoungGen      total 75776K, used 1300K [0x000000076b600000, 0x0000000770a80000, 0x00000007c0000000)
  eden space 65024K, 2% used [0x000000076b600000,0x000000076b7451f8,0x000000076f580000)
  from space 10752K, 0% used [0x0000000770000000,0x0000000770000000,0x0000000770a80000)
  to   space 10752K, 0% used [0x000000076f580000,0x000000076f580000,0x0000000770000000)
 ParOldGen       total 173568K, used 0K [0x00000006c2200000, 0x00000006ccb80000, 0x000000076b600000)
  object space 173568K, 0% used [0x00000006c2200000,0x00000006c2200000,0x00000006ccb80000)
 Metaspace       used 777K, capacity 4480K, committed 4480K, reserved 1056768K
  class space    used 74K, capacity 384K, committed 384K, reserved 1048576K

Card table byte_map: [0x0000000011e50000,0x0000000012640000] byte_map_base: 0x000000000e83f000

Marking Bits: (ParMarkBitMap*) 0x00000000589a8f30
 Begin Bits: [0x0000000013590000, 0x0000000017508000)
 End Bits:   [0x0000000017508000, 0x000000001b480000)

Polling page: 0x0000000002820000

CodeCache: size=245760Kb used=328Kb max_used=328Kb free=245431Kb
 bounds [0x0000000002a90000, 0x0000000002d00000, 0x0000000011a90000]
 total_blobs=57 nmethods=0 adapters=38
 compilation: enabled

Compilation events (0 events):
No events

GC Heap History (0 events):
No events

Deoptimization events (0 events):
No events

Classes redefined (0 events):
No events

Internal exceptions (0 events):
No events

Events (10 events):
Event: 0.023 loading class java/lang/Short
Event: 0.023 loading class java/lang/Short done
Event: 0.023 loading class java/lang/Integer
Event: 0.023 loading class java/lang/Integer done
Event: 0.023 loading class java/lang/Long
Event: 0.023 loading class java/lang/Long done
Event: 0.024 loading class java/lang/NullPointerException
Event: 0.024 loading class java/lang/NullPointerException done
Event: 0.024 loading class java/lang/ArithmeticException
Event: 0.024 loading class java/lang/ArithmeticException done


Dynamic libraries:
0x00007ff773620000 - 0x00007ff773655000 	C:\Program Files\Android\Jdk\microsoft_dist_openjdk_1.8.0.25\bin\java.exe
0x00007ff802eb0000 - 0x00007ff8030a5000 	C:\WINDOWS\SYSTEM32\ntdll.dll
0x00007ff802270000 - 0x00007ff80232d000 	C:\WINDOWS\System32\KERNEL32.DLL
0x00007ff800c20000 - 0x00007ff800ee8000 	C:\WINDOWS\System32\KERNELBASE.dll
0x00007ff8020b0000 - 0x00007ff80215c000 	C:\WINDOWS\System32\ADVAPI32.dll
0x00007ff801ad0000 - 0x00007ff801b6e000 	C:\WINDOWS\System32\msvcrt.dll
0x00007ff802390000 - 0x00007ff80242b000 	C:\WINDOWS\System32\sechost.dll
0x00007ff801b70000 - 0x00007ff801c9b000 	C:\WINDOWS\System32\RPCRT4.dll
0x00007ff801d60000 - 0x00007ff801f00000 	C:\WINDOWS\System32\USER32.dll
0x00007ff800ef0000 - 0x00007ff800f12000 	C:\WINDOWS\System32\win32u.dll
0x00007ff801ca0000 - 0x00007ff801cca000 	C:\WINDOWS\System32\GDI32.dll
0x00007ff800770000 - 0x00007ff80087b000 	C:\WINDOWS\System32\gdi32full.dll
0x00007ff800970000 - 0x00007ff800a0d000 	C:\WINDOWS\System32\msvcp_win.dll
0x00007ff800670000 - 0x00007ff800770000 	C:\WINDOWS\System32\ucrtbase.dll
0x00007fffe9000000 - 0x00007fffe929a000 	C:\WINDOWS\WinSxS\amd64_microsoft.windows.common-controls_6595b64144ccf1df_6.0.19041.1052_none_60b8f8fd71f5e8cb\COMCTL32.dll
0x00007ff801d30000 - 0x00007ff801d60000 	C:\WINDOWS\System32\IMM32.DLL
0x000000005bf40000 - 0x000000005c011000 	C:\Program Files\Android\Jdk\microsoft_dist_openjdk_1.8.0.25\jre\bin\msvcr100.dll
0x00000000581e0000 - 0x0000000058a25000 	C:\Program Files\Android\Jdk\microsoft_dist_openjdk_1.8.0.25\jre\bin\server\jvm.dll
0x00007ff801620000 - 0x00007ff801628000 	C:\WINDOWS\System32\PSAPI.DLL
0x00007fffe83e0000 - 0x00007fffe83e9000 	C:\WINDOWS\SYSTEM32\WSOCK32.dll
0x00007ffff9540000 - 0x00007ffff954a000 	C:\WINDOWS\SYSTEM32\VERSION.dll
0x00007fffebf40000 - 0x00007fffebf67000 	C:\WINDOWS\SYSTEM32\WINMM.dll
0x00007ff801f80000 - 0x00007ff801feb000 	C:\WINDOWS\System32\WS2_32.dll
0x00007fffebd30000 - 0x00007fffebd3f000 	C:\Program Files\Android\Jdk\microsoft_dist_openjdk_1.8.0.25\jre\bin\verify.dll
0x00007fffc7c30000 - 0x00007fffc7c59000 	C:\Program Files\Android\Jdk\microsoft_dist_openjdk_1.8.0.25\jre\bin\java.dll
0x00007fffe69f0000 - 0x00007fffe6a06000 	C:\Program Files\Android\Jdk\microsoft_dist_openjdk_1.8.0.25\jre\bin\zip.dll

VM Arguments:
java_command: com.xamarin.androidx.jetifierWrapper.Main -intermediate obj\Debug\100\androidx\_AndroidXJetifyEmbeddedFiles.jetify -parallel
java_class_path (initial): C:\Users\mpfla\.nuget\packages\xamarin.androidx.migration\1.0.8\buildTransitive\monoandroid90\Tools/JetifierWrapper/jetifierWrapper-1.0.jar
Launcher Type: SUN_STANDARD

Environment Variables:
PATH=C:\Program Files\Android\Jdk\microsoft_dist_openjdk_1.8.0.25\bin;C:\Python39\Scripts\;C:\Python39\;C:\WINDOWS\system32;C:\WINDOWS;C:\WINDOWS\System32\Wbem;C:\WINDOWS\System32\WindowsPowerShell\v1.0\;C:\WINDOWS\System32\OpenSSH\;C:\ProgramData\chocolatey\bin;C:\Program Files\dotnet\;C:\Program Files\Microsoft SQL Server\130\Tools\Binn\;C:\Program Files\Microsoft SQL Server\Client SDK\ODBC\170\Tools\Binn\;C:\Program Files\nodejs\;C:\Program Files (x86)\Windows Kits\10\Windows Performance Toolkit\;C:\Program Files (x86)\dotnet\;C:\Program Files\NVIDIA Corporation\NVIDIA NvDLISR;C:\Program Files (x86)\NVIDIA Corporation\PhysX\Common;C:\WINDOWS\system32;C:\WINDOWS;C:\WINDOWS\System32\Wbem;C:\WINDOWS\System32\WindowsPowerShell\v1.0\;C:\WINDOWS\System32\OpenSSH\;C:\Program Files\Docker\Docker\resources\bin;C:\ProgramData\DockerDesktop\version-bin;C:\Program Files\Git\cmd;C:\Program Files\Git\mingw64\bin;C:\Program Files\Git\usr\bin;C:\Users\mpfla\anaconda3;C:\Users\mpfla\anaconda3\Library\mingw-w64\bin;C:\Users\mpfla\anaconda3\Library\usr\bin;C:\Users\mpfla\anaconda3\Library\bin;C:\Users\mpfla\anaconda3\Scripts;C:\Users\mpfla\AppData\Local\Microsoft\WindowsApps;C:\Users\mpfla\AppData\Local\Programs\Microsoft VS Code\bin;C:\Users\mpfla\.dotnet\tools;C:\Users\mpfla\AppData\Roaming\npm;C:\Program Files\mysql\bin;C:\Program Files (x86)\MongoDB;C:\Users\mpfla\AppData\Local\atom\bin;C:\Users\mpfla\.dotnet\tools
USERNAME=mpfla
OS=Windows_NT
PROCESSOR_IDENTIFIER=Intel64 Family 6 Model 158 Stepping 10, GenuineIntel



---------------  S Y S T E M  ---------------

OS: Windows 10.0 , 64 bit Build 19041 (10.0.19041.1023)

CPU:total 12 (initial active 12) (6 cores per cpu, 2 threads per core) family 6 model 158 stepping 10, cmov, cx8, fxsr, mmx, sse, sse2, sse3, ssse3, sse4.1, sse4.2, popcnt, avx, avx2, aes, clmul, erms, 3dnowpref, lzcnt, ht, tsc, tscinvbit, bmi1, bmi2, adx

Memory: 4k page, physical 16631132k(1416776k free), swap 45779984k(6396k free)

vm_info: OpenJDK 64-Bit Server VM (25.71-b00) for windows-amd64 JRE (1.8.0-25-microsoft-b00), built on Feb  7 2019 20:09:14 by "builder" with MS VC++ 10.0 (VS2010)

time: Tue Jun 29 09:41:46 2021
timezone: US Mountain Standard Time
elapsed time: 0 seconds (0d 0h 0m 0s)

